   0.000 ID= 1      Ask
   0.000 ID= 2      Ask
   0.000 ID= 3      Ask
   0.000 ID= 0 Q= 1 Work       1
   0.000 ID= 0      Sleep      2
   0.025 ID= 0 Q= 2 Work       3
   0.025 ID= 0 Q= 3 Work       4
   0.025 ID= 0      Sleep      5
   0.081 ID= 0 Q= 4 Work       6
   0.081 ID= 0 Q= 5 Work       7
   0.081 ID= 0 Q= 6 Work       8
   0.081 ID= 3 Q= 5 Recieve    1
   0.081 ID= 2 Q= 4 Recieve    3
   0.081 ID= 1 Q= 3 Recieve    4
   0.081 ID= 0 Q= 4 Work       9
   0.081 ID= 0      Sleep      10
   0.084 ID= 3      Complete   1
   0.086 ID= 2      Complete   3
   0.087 ID= 1      Complete   4
   0.184 ID= 0 Q= 5 Work       11
   0.184 ID= 0      Sleep      1
   0.196 ID= 0 Q= 6 Work       
   0.196 ID= 3      Ask
   0.196 ID= 3 Q= 5 Recieve    6
   0.197 ID= 2      Ask
   0.197 ID= 2 Q= 4 Recieve    7
   0.197 ID= 1      Ask
   0.197 ID= 1 Q= 3 Recieve    8
   0.209 ID= 3      Complete   6
   0.209 ID= 3      Ask
   0.209 ID= 3 Q= 2 Recieve    9
   0.211 ID= 2      Complete   7
   0.211 ID= 2      Ask
   0.211 ID= 2 Q= 1 Recieve    11
   0.213 ID= 1      Complete   8
   0.213 ID= 1      Ask
   0.213 ID= 1 Q= 0 Recieve    13
   0.223 ID= 3      Complete   9
   0.223 ID= 3      Ask
   0.227 ID= 2      Complete   11
   0.227 ID= 2      Ask
   0.229 ID= 1      Complete   13
   0.229 ID= 1      Ask
Summary: 
    Work         9
    Ask          9
    Recieve      9
    Complete     9
    Sleep        4
    Thread  1    3
    Thread  2    3
    Thread  3    3
Transactions per second: 39.340
